Arguments: 
  /home/binaya/.nvm/versions/node/v18.12.1/bin/node /usr/bin/yarn add -D semantic-release @semantic-release/git @semantic-release/github @semantic-release/changelog @semantic-release/release-notes-generator

PATH: 
  /home/binaya/.nvm/versions/node/v18.12.1/bin:/home/binaya/.local/bin:/usr/local/bin:/usr/bin:/var/lib/snapd/snap/bin:/usr/local/sbin:/usr/bin/site_perl:/usr/bin/vendor_perl:/usr/bin/core_perl

Yarn version: 
  1.22.19

Node version: 
  18.12.1

Platform: 
  linux x64

Trace: 
  Error: read ENETUNREACH
      at TLSWrap.onStreamRead (node:internal/stream_base_commons:217:20)

npm manifest: 
  {
    "name": "test-semantic-release",
    "version": "1.0.0",
    "description": "",
    "main": "index.js",
    "scripts": {
      "start": "node index.js",
      "prepare": "husky install"
    },
    "keywords": [],
    "author": "",
    "license": "ISC",
    "devDependencies": {
      "husky": "^8.0.0"
    }
  }

yarn manifest: 
  No manifest

Lockfile: 
  # THIS IS AN AUTOGENERATED FILE. DO NOT EDIT THIS FILE DIRECTLY.
  # yarn lockfile v1
  
  
  husky@^8.0.0:
    version "8.0.3"
    resolved "https://registry.yarnpkg.com/husky/-/husky-8.0.3.tgz#4936d7212e46d1dea28fef29bb3a108872cd9184"
    integrity sha512-+dQSyqPh4x1hlO1swXBiNb2HzTDN1I2IGLQx1GrBuiqFJfoMrnZWwVmatvSiO+Iz8fBUnf+lekwNo4c2LlXItg==
